0    INFO  [2015-12-26 23:57:21]  code: ae5dd7f7217cd0c1e8bb8b1f830d47cf
2    DEBUG [2015-12-26 23:57:21]  Request:
2    DEBUG [2015-12-26 23:57:21]  POSThttps://api.weibo.com/oauth2/access_token
394  DEBUG [2015-12-26 23:57:21]  Response:
394  DEBUG [2015-12-26 23:57:21]  https StatusCode:200
394  DEBUG [2015-12-26 23:57:21]  Server:nginx/1.6.1
394  DEBUG [2015-12-26 23:57:21]  Date:Sat, 26 Dec 2015 15:57:19 GMT
394  DEBUG [2015-12-26 23:57:21]  Content-Type:text/plain;charset=UTF-8
394  DEBUG [2015-12-26 23:57:21]  Content-Length:109
394  DEBUG [2015-12-26 23:57:21]  Connection:keep-alive
394  DEBUG [2015-12-26 23:57:21]  Pragma:No-cache
394  DEBUG [2015-12-26 23:57:21]  Cache-Control:no-cache
394  DEBUG [2015-12-26 23:57:21]  Expires:Thu, 01 Jan 1970 00:00:00 GMT
395  DEBUG [2015-12-26 23:57:21]  Api-Server-IP:10.73.89.46
395  DEBUG [2015-12-26 23:57:21]  SINA-LB:aGEuMjEuZzEuc2UubGIuc2luYW5vZGUuY29t
395  DEBUG [2015-12-26 23:57:21]  SINA-TS:NDg4OGMzNjggMCAxIDEgNyAyNAo=
397  DEBUG [2015-12-26 23:57:21]  {"access_token":"2.00BojZRG05pUd5f342135fa8TJYAGD","remind_in":"97364","expires_in":97364,"uid":"5756512265"}

0    INFO  [2015-12-28 15:53:07]  code: 
9    DEBUG [2015-12-28 15:53:07]  Request:
9    DEBUG [2015-12-28 15:53:07]  POSThttps://api.weibo.com/oauth2/access_token
0    INFO  [2015-12-28 15:53:40]  code: 6cd351143d875085fa465b4d668b5f6e
6    DEBUG [2015-12-28 15:53:40]  Request:
6    DEBUG [2015-12-28 15:53:40]  POSThttps://api.weibo.com/oauth2/access_token
4490 DEBUG [2015-12-28 15:53:44]  Response:
4490 DEBUG [2015-12-28 15:53:44]  https StatusCode:200
4490 DEBUG [2015-12-28 15:53:44]  Server:nginx/1.6.1
4492 DEBUG [2015-12-28 15:53:44]  Date:Mon, 28 Dec 2015 07:53:42 GMT
4492 DEBUG [2015-12-28 15:53:44]  Content-Type:text/plain;charset=UTF-8
4492 DEBUG [2015-12-28 15:53:44]  Content-Length:111
4492 DEBUG [2015-12-28 15:53:44]  Connection:keep-alive
4492 DEBUG [2015-12-28 15:53:44]  Pragma:No-cache
4492 DEBUG [2015-12-28 15:53:44]  Cache-Control:no-cache
4492 DEBUG [2015-12-28 15:53:44]  Expires:Thu, 01 Jan 1970 00:00:00 GMT
4492 DEBUG [2015-12-28 15:53:44]  Api-Server-IP:10.73.89.48
4492 DEBUG [2015-12-28 15:53:44]  SINA-LB:aGEuMjIuZzEuc2UubGIuc2luYW5vZGUuY29t
4492 DEBUG [2015-12-28 15:53:44]  SINA-TS:NGI4OGMzNjggMCAxIDEgNyAyNQo=
4493 DEBUG [2015-12-28 15:53:44]  {"access_token":"2.00BojZRG05pUd5302052388872O4NB","remind_in":"126380","expires_in":126380,"uid":"5756512265"}

